[TRACE] 22:01:24:811 Memoria/(19120:19120): ## Servidor levantado y listo para escuchar en el puerto: 8002
[INFO] 22:01:24:813 Memoria/(19120:19120): ## Handshake OK HANDSHAKE MEMORIA - FILESYSTEM
[INFO] 22:01:26:321 Memoria/(19120:19218): ## Recibido Handshake: <HANDSHAKE CPU - MEMORIA>
[INFO] 22:01:37:644 Memoria/(19120:19120): ## Kernel Conectado - FD del socket: 7
[INFO] 22:01:37:646 Memoria/(19120:19222): ## Recibido Handshake: <HANDSHAKE KERNEL - MEMORIA>
[INFO] 22:01:37:957 Memoria/(19120:19120): ## Kernel Conectado - FD del socket: 8
[INFO] 22:01:37:961 Memoria/(19120:19230): ## Proceso <Creado> - PID: <0> - Tamaño: <32>
[INFO] 22:01:37:972 Memoria/(19120:19120): ## Kernel Conectado - FD del socket: 9
[INFO] 22:01:37:973 Memoria/(19120:19231): ## Hilo <Creado> - (PID:TID)- (<0>:<0>)
[INFO] 22:01:38:162 Memoria/(19120:19218): ## Contexto <Solicitado> - (PID:TID) - (<0>:<0>)
[INFO] 22:01:38:212 Memoria/(19120:19218): ## Obtener instrucción - (PID:TID) - (<0>:<0>) - Instrucción: SET DX 0

[INFO] 22:01:38:262 Memoria/(19120:19218): ## Obtener instrucción - (PID:TID) - (<0>:<0>) - Instrucción: SET AX 1

[INFO] 22:01:38:313 Memoria/(19120:19218): ## Obtener instrucción - (PID:TID) - (<0>:<0>) - Instrucción: THREAD_CREATE PLANI_THREAD 6

[INFO] 22:01:38:365 Memoria/(19120:19218): ## Contexto <Actualizado> - (PID:TID) - (<0>:<0>)
[INFO] 22:01:38:373 Memoria/(19120:19120): ## Kernel Conectado - FD del socket: 10
[INFO] 22:01:38:374 Memoria/(19120:19235): ## Hilo <Creado> - (PID:TID)- (<0>:<1>)
[INFO] 22:01:38:415 Memoria/(19120:19218): ## Contexto <Actualizado> - (PID:TID) - (<0>:<0>)
[INFO] 22:01:38:466 Memoria/(19120:19218): ## Contexto <Solicitado> - (PID:TID) - (<0>:<0>)
[INFO] 22:01:38:516 Memoria/(19120:19218): ## Obtener instrucción - (PID:TID) - (<0>:<0>) - Instrucción: SUM DX AX

[INFO] 22:01:38:566 Memoria/(19120:19218): ## Obtener instrucción - (PID:TID) - (<0>:<0>) - Instrucción: THREAD_CREATE PLANI_THREAD 5

[INFO] 22:01:38:617 Memoria/(19120:19218): ## Contexto <Actualizado> - (PID:TID) - (<0>:<0>)
[INFO] 22:01:38:618 Memoria/(19120:19120): ## Kernel Conectado - FD del socket: 11
[INFO] 22:01:38:620 Memoria/(19120:19237): ## Hilo <Creado> - (PID:TID)- (<0>:<2>)
[INFO] 22:01:38:667 Memoria/(19120:19218): ## Contexto <Actualizado> - (PID:TID) - (<0>:<0>)
[INFO] 22:01:38:717 Memoria/(19120:19218): ## Contexto <Solicitado> - (PID:TID) - (<0>:<0>)
[INFO] 22:01:38:768 Memoria/(19120:19218): ## Obtener instrucción - (PID:TID) - (<0>:<0>) - Instrucción: SUM DX AX

[INFO] 22:01:38:818 Memoria/(19120:19218): ## Obtener instrucción - (PID:TID) - (<0>:<0>) - Instrucción: THREAD_CREATE PLANI_THREAD 4

[INFO] 22:01:38:869 Memoria/(19120:19218): ## Contexto <Actualizado> - (PID:TID) - (<0>:<0>)
[INFO] 22:01:38:870 Memoria/(19120:19120): ## Kernel Conectado - FD del socket: 12
[INFO] 22:01:38:872 Memoria/(19120:19239): ## Hilo <Creado> - (PID:TID)- (<0>:<3>)
[INFO] 22:01:38:919 Memoria/(19120:19218): ## Contexto <Actualizado> - (PID:TID) - (<0>:<0>)
[INFO] 22:01:38:969 Memoria/(19120:19218): ## Contexto <Solicitado> - (PID:TID) - (<0>:<0>)
[INFO] 22:01:39:020 Memoria/(19120:19218): ## Obtener instrucción - (PID:TID) - (<0>:<0>) - Instrucción: SUM DX AX

[INFO] 22:01:39:070 Memoria/(19120:19218): ## Obtener instrucción - (PID:TID) - (<0>:<0>) - Instrucción: THREAD_CREATE PLANI_THREAD 3

[INFO] 22:01:39:120 Memoria/(19120:19218): ## Contexto <Actualizado> - (PID:TID) - (<0>:<0>)
[INFO] 22:01:39:122 Memoria/(19120:19120): ## Kernel Conectado - FD del socket: 13
[INFO] 22:01:39:124 Memoria/(19120:19241): ## Hilo <Creado> - (PID:TID)- (<0>:<4>)
[INFO] 22:01:39:171 Memoria/(19120:19218): ## Contexto <Actualizado> - (PID:TID) - (<0>:<0>)
[INFO] 22:01:39:221 Memoria/(19120:19218): ## Contexto <Solicitado> - (PID:TID) - (<0>:<0>)
[INFO] 22:01:39:271 Memoria/(19120:19218): ## Obtener instrucción - (PID:TID) - (<0>:<0>) - Instrucción: SUM DX AX

[INFO] 22:01:39:321 Memoria/(19120:19218): ## Obtener instrucción - (PID:TID) - (<0>:<0>) - Instrucción: THREAD_CANCEL 4

[INFO] 22:01:39:371 Memoria/(19120:19218): ## Contexto <Actualizado> - (PID:TID) - (<0>:<0>)
[INFO] 22:01:39:386 Memoria/(19120:19120): ## Kernel Conectado - FD del socket: 14
[INFO] 22:01:39:387 Memoria/(19120:19243): ## Hilo <Destruido - (PID:TID)- 0:4
[INFO] 22:01:39:387 Memoria/(19120:19243): ## Hilo <Destruido> - (PID:TID) - (<0>:<4>)
[INFO] 22:01:39:421 Memoria/(19120:19218): ## Contexto <Actualizado> - (PID:TID) - (<0>:<0>)
[INFO] 22:01:39:472 Memoria/(19120:19218): ## Contexto <Solicitado> - (PID:TID) - (<0>:<0>)
[INFO] 22:01:39:522 Memoria/(19120:19218): ## Obtener instrucción - (PID:TID) - (<0>:<0>) - Instrucción: THREAD_JOIN 2

[INFO] 22:01:39:572 Memoria/(19120:19218): ## Contexto <Actualizado> - (PID:TID) - (<0>:<0>)
[INFO] 22:01:39:640 Memoria/(19120:19218): ## Contexto <Solicitado> - (PID:TID) - (<0>:<3>)
[INFO] 22:01:39:691 Memoria/(19120:19218): ## Obtener instrucción - (PID:TID) - (<0>:<3>) - Instrucción: SET CX 5

[INFO] 22:01:39:741 Memoria/(19120:19218): ## Contexto <Actualizado> - (PID:TID) - (<0>:<3>)
[INFO] 22:01:39:792 Memoria/(19120:19218): ## Contexto <Solicitado> - (PID:TID) - (<0>:<3>)
[INFO] 22:01:39:842 Memoria/(19120:19218): ## Obtener instrucción - (PID:TID) - (<0>:<3>) - Instrucción: SET BX 1

[INFO] 22:01:39:892 Memoria/(19120:19218): ## Obtener instrucción - (PID:TID) - (<0>:<3>) - Instrucción: SUB CX BX

[INFO] 22:01:39:943 Memoria/(19120:19218): ## Obtener instrucción - (PID:TID) - (<0>:<3>) - Instrucción: JNZ CX 2

[INFO] 22:01:39:993 Memoria/(19120:19218): ## Contexto <Actualizado> - (PID:TID) - (<0>:<3>)
[INFO] 22:01:40:043 Memoria/(19120:19218): ## Contexto <Solicitado> - (PID:TID) - (<0>:<3>)
[INFO] 22:01:40:094 Memoria/(19120:19218): ## Obtener instrucción - (PID:TID) - (<0>:<3>) - Instrucción: SUB CX BX

[INFO] 22:01:40:144 Memoria/(19120:19218): ## Obtener instrucción - (PID:TID) - (<0>:<3>) - Instrucción: JNZ CX 2

[INFO] 22:01:40:194 Memoria/(19120:19218): ## Obtener instrucción - (PID:TID) - (<0>:<3>) - Instrucción: SUB CX BX

[INFO] 22:01:40:244 Memoria/(19120:19218): ## Contexto <Actualizado> - (PID:TID) - (<0>:<3>)
[INFO] 22:01:40:294 Memoria/(19120:19218): ## Contexto <Solicitado> - (PID:TID) - (<0>:<3>)
[INFO] 22:01:40:345 Memoria/(19120:19218): ## Obtener instrucción - (PID:TID) - (<0>:<3>) - Instrucción: JNZ CX 2

[INFO] 22:01:40:395 Memoria/(19120:19218): ## Obtener instrucción - (PID:TID) - (<0>:<3>) - Instrucción: SUB CX BX

[INFO] 22:01:40:445 Memoria/(19120:19218): ## Obtener instrucción - (PID:TID) - (<0>:<3>) - Instrucción: JNZ CX 2

[INFO] 22:01:40:495 Memoria/(19120:19218): ## Contexto <Actualizado> - (PID:TID) - (<0>:<3>)
[INFO] 22:01:40:546 Memoria/(19120:19218): ## Contexto <Solicitado> - (PID:TID) - (<0>:<3>)
[INFO] 22:01:40:596 Memoria/(19120:19218): ## Obtener instrucción - (PID:TID) - (<0>:<3>) - Instrucción: SUB CX BX

[INFO] 22:01:40:646 Memoria/(19120:19218): ## Obtener instrucción - (PID:TID) - (<0>:<3>) - Instrucción: JNZ CX 2

[INFO] 22:01:40:697 Memoria/(19120:19218): ## Obtener instrucción - (PID:TID) - (<0>:<3>) - Instrucción: THREAD_EXIT
[INFO] 22:01:40:747 Memoria/(19120:19218): ## Contexto <Actualizado> - (PID:TID) - (<0>:<3>)
[INFO] 22:01:40:749 Memoria/(19120:19120): ## Kernel Conectado - FD del socket: 15
[INFO] 22:01:40:749 Memoria/(19120:19250): ## Hilo <Destruido - (PID:TID)- 0:3
[INFO] 22:01:40:749 Memoria/(19120:19250): ## Hilo <Destruido> - (PID:TID) - (<0>:<3>)
[INFO] 22:01:40:797 Memoria/(19120:19218): ## Contexto <Solicitado> - (PID:TID) - (<0>:<2>)
[INFO] 22:01:40:848 Memoria/(19120:19218): ## Obtener instrucción - (PID:TID) - (<0>:<2>) - Instrucción: SET CX 5

[INFO] 22:01:40:898 Memoria/(19120:19218): ## Contexto <Actualizado> - (PID:TID) - (<0>:<2>)
[INFO] 22:01:40:948 Memoria/(19120:19218): ## Contexto <Solicitado> - (PID:TID) - (<0>:<2>)
[INFO] 22:01:40:998 Memoria/(19120:19218): ## Obtener instrucción - (PID:TID) - (<0>:<2>) - Instrucción: SET BX 1

[INFO] 22:01:41:048 Memoria/(19120:19218): ## Obtener instrucción - (PID:TID) - (<0>:<2>) - Instrucción: SUB CX BX

[INFO] 22:01:41:099 Memoria/(19120:19218): ## Obtener instrucción - (PID:TID) - (<0>:<2>) - Instrucción: JNZ CX 2

[INFO] 22:01:41:149 Memoria/(19120:19218): ## Contexto <Actualizado> - (PID:TID) - (<0>:<2>)
[INFO] 22:01:41:199 Memoria/(19120:19218): ## Contexto <Solicitado> - (PID:TID) - (<0>:<2>)
[INFO] 22:01:41:249 Memoria/(19120:19218): ## Obtener instrucción - (PID:TID) - (<0>:<2>) - Instrucción: SUB CX BX

[INFO] 22:01:41:299 Memoria/(19120:19218): ## Obtener instrucción - (PID:TID) - (<0>:<2>) - Instrucción: JNZ CX 2

[INFO] 22:01:41:350 Memoria/(19120:19218): ## Obtener instrucción - (PID:TID) - (<0>:<2>) - Instrucción: SUB CX BX

[INFO] 22:01:41:400 Memoria/(19120:19218): ## Contexto <Actualizado> - (PID:TID) - (<0>:<2>)
[INFO] 22:01:41:450 Memoria/(19120:19218): ## Contexto <Solicitado> - (PID:TID) - (<0>:<2>)
[INFO] 22:01:41:501 Memoria/(19120:19218): ## Obtener instrucción - (PID:TID) - (<0>:<2>) - Instrucción: JNZ CX 2

[INFO] 22:01:41:551 Memoria/(19120:19218): ## Obtener instrucción - (PID:TID) - (<0>:<2>) - Instrucción: SUB CX BX

[INFO] 22:01:41:601 Memoria/(19120:19218): ## Obtener instrucción - (PID:TID) - (<0>:<2>) - Instrucción: JNZ CX 2

[INFO] 22:01:41:651 Memoria/(19120:19218): ## Contexto <Actualizado> - (PID:TID) - (<0>:<2>)
[INFO] 22:01:41:702 Memoria/(19120:19218): ## Contexto <Solicitado> - (PID:TID) - (<0>:<2>)
[INFO] 22:01:41:752 Memoria/(19120:19218): ## Obtener instrucción - (PID:TID) - (<0>:<2>) - Instrucción: SUB CX BX

[INFO] 22:01:41:803 Memoria/(19120:19218): ## Obtener instrucción - (PID:TID) - (<0>:<2>) - Instrucción: JNZ CX 2

[INFO] 22:01:41:854 Memoria/(19120:19218): ## Obtener instrucción - (PID:TID) - (<0>:<2>) - Instrucción: THREAD_EXIT
[INFO] 22:01:41:904 Memoria/(19120:19218): ## Contexto <Actualizado> - (PID:TID) - (<0>:<2>)
[INFO] 22:01:41:906 Memoria/(19120:19120): ## Kernel Conectado - FD del socket: 16
[INFO] 22:01:41:908 Memoria/(19120:19256): ## Hilo <Destruido - (PID:TID)- 0:2
[INFO] 22:01:41:909 Memoria/(19120:19256): ## Hilo <Destruido> - (PID:TID) - (<0>:<2>)
[INFO] 22:01:41:954 Memoria/(19120:19218): ## Contexto <Solicitado> - (PID:TID) - (<0>:<0>)
[INFO] 22:01:42:005 Memoria/(19120:19218): ## Obtener instrucción - (PID:TID) - (<0>:<0>) - Instrucción: PROCESS_EXIT
[INFO] 22:01:42:055 Memoria/(19120:19218): ## Contexto <Actualizado> - (PID:TID) - (<0>:<0>)
[INFO] 22:01:42:059 Memoria/(19120:19120): ## Kernel Conectado - FD del socket: 17
[INFO] 22:01:42:060 Memoria/(19120:19258): ## Hilo <Destruido> - (PID:TID) - (<0>:<0>)
[INFO] 22:01:42:060 Memoria/(19120:19258): ## Hilo <Destruido> - (PID:TID) - (<0>:<1>)
[INFO] 22:01:42:060 Memoria/(19120:19258): ## Proceso <Destruido> - PID: <0> - Tamaño: >8192>
[ERROR] 22:01:53:107 Memoria/(19120:19218): Cpu desconectado

[INFO] 22:02:31:832 Memoria/(19120:19120): ## Finalizando ejecución de MEMORIA
