[TRACE] 19:42:17:742 Cpu/(18173:18173): Servidor levantado y listo para escuchar en el puerto: 8006
[TRACE] 19:42:17:745 Cpu/(18173:18173): Servidor levantado y listo para escuchar en el puerto: 8007
[INFO] 19:42:17:745 Cpu/(18173:18173): Conexión exitosa
[INFO] 19:42:17:746 Cpu/(18173:18173): Handshake OK HANDSHAKE CPU - MEMORIA
[INFO] 19:42:19:897 Cpu/(18173:18173): ## Kernel Conectado - FD del socket: 7
[INFO] 19:42:19:924 Cpu/(18173:18173): ## Kernel Conectado - FD del socket: 8
[INFO] 16:42:19:964 Cpu/(18173:18281): Recibido handshake: HANDSHAKE KERNEL - CPU DISPATCH
[INFO] 16:42:20:001 Cpu/(18173:18282): Recibido handshake: HANDSHAKE KERNEL - CPU INTERRUPT
[INFO] 16:42:21:122 Cpu/(18173:18283): ## TID: <0> - FETCH - Program Counter: <0>
[INFO] 16:42:21:135 Cpu/(18173:18283): “## TID: <0> - Ejecutando: <SET AX 31
>
[WARNING] 16:42:21:136 Cpu/(18173:18283): <TID:0> <PID: 0>, <INSTRUCCIÓN: SET AX 31
>, <PC: 0>
[ERROR] 16:42:21:136 Cpu/(18173:18283): Entro a interrupt
[ERROR] 16:42:21:136 Cpu/(18173:18283): No Hay flag
[ERROR] 16:42:21:136 Cpu/(18173:18283): SALGO DE SEM POST EJEC
[INFO] 16:42:21:137 Cpu/(18173:18283): ## TID: <0> - FETCH - Program Counter: <1>
[INFO] 16:42:21:146 Cpu/(18173:18283): “## TID: <0> - Ejecutando: <SET BX 70
>
[WARNING] 16:42:21:146 Cpu/(18173:18283): <TID:0> <PID: 0>, <INSTRUCCIÓN: SET BX 70
>, <PC: 1>
[ERROR] 16:42:21:147 Cpu/(18173:18283): Entro a interrupt
[ERROR] 16:42:21:147 Cpu/(18173:18283): No Hay flag
[ERROR] 16:42:21:147 Cpu/(18173:18283): SALGO DE SEM POST EJEC
[INFO] 16:42:21:147 Cpu/(18173:18283): ## TID: <0> - FETCH - Program Counter: <2>
[INFO] 16:42:21:161 Cpu/(18173:18283): “## TID: <0> - Ejecutando: <SET CX 1
>
[WARNING] 16:42:21:161 Cpu/(18173:18283): <TID:0> <PID: 0>, <INSTRUCCIÓN: SET CX 1
>, <PC: 2>
[ERROR] 16:42:21:161 Cpu/(18173:18283): Entro a interrupt
[ERROR] 16:42:21:161 Cpu/(18173:18283): No Hay flag
[ERROR] 16:42:21:161 Cpu/(18173:18283): SALGO DE SEM POST EJEC
[INFO] 16:42:21:161 Cpu/(18173:18283): ## TID: <0> - FETCH - Program Counter: <3>
[INFO] 16:42:21:172 Cpu/(18173:18283): “## TID: <0> - Ejecutando: <IO 1200
>
[WARNING] 16:42:21:172 Cpu/(18173:18283): <TID:0> <PID: 0>, <INSTRUCCIÓN: IO 1200
>, <PC: 3>
[WARNING] 16:42:21:183 Cpu/(18173:18283): SUSPENDER PROCESO
[INFO] 16:42:22:439 Cpu/(18173:18283): ## TID: <0> - FETCH - Program Counter: <4>
[INFO] 16:42:22:449 Cpu/(18173:18283): “## TID: <0> - Ejecutando: <WRITE_MEM AX BX
>
[WARNING] 16:42:22:449 Cpu/(18173:18283): <TID:0> <PID: 0>, <INSTRUCCIÓN: WRITE_MEM AX BX
>, <PC: 4>
[ERROR] 16:42:22:450 Cpu/(18173:18283): Offset: 31
[TRACE] 16:42:22:450 Cpu/(18173:18283): RESPUESTA: 31 BASE: 0 LIMITE: 127
[TRACE] 16:42:22:450 Cpu/(18173:18283): Dir física: 31
[INFO] 16:42:22:450 Cpu/(18173:18283): ## TID: 0 - Acción: ESCRIBIR - Dirección Física: 31
[TRACE] 16:42:22:461 Cpu/(18173:18283): Dato escrito
[ERROR] 16:42:22:461 Cpu/(18173:18283): Entro a interrupt
[ERROR] 16:42:22:461 Cpu/(18173:18283): Hay flag
[ERROR] 16:42:22:471 Cpu/(18173:18283): SALGO DE SEM POST EJEC
[INFO] 16:42:22:482 Cpu/(18173:18283): ## TID: <0> - FETCH - Program Counter: <5>
[INFO] 16:42:22:494 Cpu/(18173:18283): “## TID: <0> - Ejecutando: <DUMP_MEMORY
>
[WARNING] 16:42:22:494 Cpu/(18173:18283): <TID:0> <PID: 0>, <INSTRUCCIÓN: DUMP_MEMORY
>, <PC: 5>
[ERROR] 16:42:22:753 Cpu/(18173:18283): Entro a interrupt
[ERROR] 16:42:22:753 Cpu/(18173:18283): Hay flag
[ERROR] 16:42:22:754 Cpu/(18173:18283): SALGO DE SEM POST EJEC
[INFO] 16:42:22:764 Cpu/(18173:18283): ## TID: <0> - FETCH - Program Counter: <6>
[INFO] 16:42:22:777 Cpu/(18173:18283): “## TID: <0> - Ejecutando: <PROCESS_EXIT>
[WARNING] 16:42:22:777 Cpu/(18173:18283): <TID:0> <PID: 0>, <INSTRUCCIÓN: PROCESS_EXIT>, <PC: 6>
[WARNING] 16:42:22:833 Cpu/(18173:18283): SUSPENDER PROCESO
[ERROR] 16:42:25:098 Cpu/(18173:18281): Dispatch desconectado

[TRACE] 16:42:25:099 Cpu/(18173:18281): FIN CICLO TRUE
[ERROR] 16:42:25:109 Cpu/(18173:18282): Interrupt desconectado

[INFO] 16:42:25:124 Cpu/(18173:18173): Finalizando ejecución de CPU
