[INFO] 23:17:13:607 Kernel/(17642:17642): ruta de archivo : MEM_FIJA_BASE ; tamanio_proceso : 12
[ERROR] 23:17:13:608 Kernel/(17642:17642): Error conectando al Servidor, apagado o invalido
[ERROR] 23:17:13:608 Kernel/(17642:17642): Error conectando al Servidor, apagado o invalido
[ERROR] 23:17:13:608 Kernel/(17642:17642): Error conectando al Servidor, apagado o invalido
[WARNING] 23:17:13:608 Kernel/(17642:17642): Handshake enviado - Servidor apagado
[WARNING] 23:17:13:608 Kernel/(17642:17642): Handshake enviado - Servidor apagado
[WARNING] 23:17:13:609 Kernel/(17642:17642): Handshake enviado - Servidor apagado
[ERROR] 23:17:13:609 Kernel/(17642:17642): AUTOINCREMENTAL PCB: 1
[TRACE] 23:17:13:609 Kernel/(17642:17642): PCB CREADO
[ERROR] 23:17:13:609 Kernel/(17642:17644): ANTES DE FINALIZAR PROC
[ERROR] 23:17:13:610 Kernel/(17642:17643): ANTES DE HAY NEW EN LARGO PLAZO CREAR
[ERROR] 23:17:13:610 Kernel/(17642:17643): DSPS DE HAY NEW EN LARGO PLAZO CREAR
[INFO] 23:17:13:610 Kernel/(17642:17643): Solicitando memoria para el proceso: 0

[WARNING] 23:17:13:610 Kernel/(17642:17643): No hay espacio en memoria
[TRACE] 23:17:13:611 Kernel/(17642:17643): ENCOLANDO PID: 0 A NEW PORQUE NO HAY MEMORIA
[ERROR] 23:17:13:611 Kernel/(17642:17643): ANTES DE HAY NEW EN LARGO PLAZO CREAR
[ERROR] 23:17:13:611 Kernel/(17642:17647): ANTES DE READY
[INFO] 23:17:18:823 Kernel/(18125:18125): ruta de archivo : MEM_FIJA_BASE ; tamanio_proceso : 12
[INFO] 23:17:18:824 Kernel/(18125:18125): Conexión exitosa
[INFO] 23:17:18:824 Kernel/(18125:18125): Conexión exitosa
[INFO] 23:17:18:829 Kernel/(18125:18125): Conexión exitosa
[INFO] 23:17:18:830 Kernel/(18125:18125): Handshake OK HANDSHAKE KERNEL - MEMORIA
[INFO] 23:17:18:830 Kernel/(18125:18125): Handshake OK HANDSHAKE KERNEL - CPU DISPATCH
[INFO] 23:17:18:831 Kernel/(18125:18125): Handshake OK HANDSHAKE KERNEL - CPU INTERRUPT
[ERROR] 23:17:18:831 Kernel/(18125:18125): AUTOINCREMENTAL PCB: 1
[TRACE] 23:17:18:831 Kernel/(18125:18125): PCB CREADO
[ERROR] 23:17:18:834 Kernel/(18125:18131): ANTES DE FINALIZAR PROC
[ERROR] 23:17:18:834 Kernel/(18125:18130): ANTES DE HAY NEW EN LARGO PLAZO CREAR
[ERROR] 23:17:18:834 Kernel/(18125:18130): DSPS DE HAY NEW EN LARGO PLAZO CREAR
[INFO] 23:17:18:834 Kernel/(18125:18130): Solicitando memoria para el proceso: 0

[INFO] 20:17:18:835 Kernel/(18125:18130): Memoria reservada correctamente
[INFO] 20:17:18:835 Kernel/(18125:18130): ## (<PID>: 0) Se crea el proceso - Estado: NEW
[INFO] 20:17:18:835 Kernel/(18125:18130): Creando TCB de prioridad: 0
[ERROR] 20:17:18:835 Kernel/(18125:18130): PID del HILO creado: 0
[ERROR] 20:17:18:836 Kernel/(18125:18130): ANTES DE HAY NEW EN LARGO PLAZO CREAR
[INFO] 20:17:18:836 Kernel/(18125:18132): Se creo la cola multinivel de prioridad: 0
[INFO] 20:17:18:836 Kernel/(18125:18132): ## (<0>:<0>) Se crea el Hilo - Estado: READY
[ERROR] 20:17:18:836 Kernel/(18125:18132): POSTEO READY
[ERROR] 20:17:18:841 Kernel/(18125:18134): ANTES DE READY
[ERROR] 20:17:18:841 Kernel/(18125:18134): DESPUES DE READY
[ERROR] 20:17:18:841 Kernel/(18125:18134): PUEDE EJECUTAR
[TRACE] 20:17:18:841 Kernel/(18125:18134): Cola prioridad: 0, Cola size: 1
[INFO] 20:17:18:841 Kernel/(18125:18134): Cola elegida:0
[TRACE] 20:17:18:842 Kernel/(18125:18134): COLA NEW TID: 0; 
[WARNING] 20:17:18:842 Kernel/(18125:18134): TCB elegido <TID:0>,<PID:0>
[WARNING] 20:17:18:842 Kernel/(18125:18134): Planificando <TID:0>,<PID:0>, <ALGORITMO: MULTINIVEL>
[TRACE] 20:17:18:843 Kernel/(18125:18134): CPU ejecutando el hilo: 0 del proceso: 0

[WARNING] 20:17:18:843 Kernel/(18125:18134): Esperando Respuesta
[ERROR] 20:17:18:843 Kernel/(18125:18134): ANTES DE RECIBIR LA OPERACION
[ERROR] 20:17:18:843 Kernel/(18125:18136): empiezo hilo quantum de tid: 0 pid: 0
[ERROR] 20:17:18:885 Kernel/(18125:18134): OPERACION RECIBIDA
[TRACE] 20:17:18:886 Kernel/(18125:18134): PROCESS CREATE RECIBIDO
[ERROR] 20:17:18:886 Kernel/(18125:18134): AUTOINCREMENTAL PCB: 2
[TRACE] 20:17:18:886 Kernel/(18125:18134): PCB CREADO
[ERROR] 20:17:18:886 Kernel/(18125:18130): DSPS DE HAY NEW EN LARGO PLAZO CREAR
[INFO] 20:17:18:886 Kernel/(18125:18130): Solicitando memoria para el proceso: 1

[INFO] 20:17:18:886 Kernel/(18125:18130): Memoria reservada correctamente
[INFO] 20:17:18:886 Kernel/(18125:18130): ## (<PID>: 1) Se crea el proceso - Estado: NEW
[INFO] 20:17:18:886 Kernel/(18125:18130): Creando TCB de prioridad: 0
[ERROR] 20:17:18:886 Kernel/(18125:18130): PID del HILO creado: 1
[ERROR] 20:17:18:886 Kernel/(18125:18130): ANTES DE HAY NEW EN LARGO PLAZO CREAR
[INFO] 20:17:18:886 Kernel/(18125:18132): ## (<1>:<0>) Se crea el Hilo - Estado: READY
[ERROR] 20:17:18:886 Kernel/(18125:18132): POSTEO READY
[ERROR] 20:17:18:886 Kernel/(18125:18134): MANDO RTA
[ERROR] 20:17:18:886 Kernel/(18125:18134): ANTES DE RECIBIR LA OPERACION
[ERROR] 20:17:18:887 Kernel/(18125:18134): OPERACION RECIBIDA
[TRACE] 20:17:18:887 Kernel/(18125:18134): PROCESS CREATE RECIBIDO
[ERROR] 20:17:18:887 Kernel/(18125:18134): AUTOINCREMENTAL PCB: 3
[TRACE] 20:17:18:887 Kernel/(18125:18134): PCB CREADO
[ERROR] 20:17:18:887 Kernel/(18125:18130): DSPS DE HAY NEW EN LARGO PLAZO CREAR
[INFO] 20:17:18:887 Kernel/(18125:18130): Solicitando memoria para el proceso: 2

[INFO] 20:17:18:887 Kernel/(18125:18130): Memoria reservada correctamente
[INFO] 20:17:18:887 Kernel/(18125:18130): ## (<PID>: 2) Se crea el proceso - Estado: NEW
[INFO] 20:17:18:887 Kernel/(18125:18130): Creando TCB de prioridad: 0
[ERROR] 20:17:18:887 Kernel/(18125:18130): PID del HILO creado: 2
[ERROR] 20:17:18:887 Kernel/(18125:18130): ANTES DE HAY NEW EN LARGO PLAZO CREAR
[INFO] 20:17:18:888 Kernel/(18125:18132): ## (<2>:<0>) Se crea el Hilo - Estado: READY
[ERROR] 20:17:18:888 Kernel/(18125:18132): POSTEO READY
[ERROR] 20:17:18:888 Kernel/(18125:18134): MANDO RTA
[ERROR] 20:17:18:888 Kernel/(18125:18134): ANTES DE RECIBIR LA OPERACION
[ERROR] 20:17:18:891 Kernel/(18125:18134): OPERACION RECIBIDA
[TRACE] 20:17:18:891 Kernel/(18125:18134): PROCESS CREATE RECIBIDO
[ERROR] 20:17:18:891 Kernel/(18125:18134): AUTOINCREMENTAL PCB: 4
[TRACE] 20:17:18:891 Kernel/(18125:18134): PCB CREADO
[ERROR] 20:17:18:891 Kernel/(18125:18130): DSPS DE HAY NEW EN LARGO PLAZO CREAR
[INFO] 20:17:18:891 Kernel/(18125:18130): Solicitando memoria para el proceso: 3

[INFO] 20:17:18:891 Kernel/(18125:18130): Memoria reservada correctamente
[INFO] 20:17:18:891 Kernel/(18125:18130): ## (<PID>: 3) Se crea el proceso - Estado: NEW
[INFO] 20:17:18:891 Kernel/(18125:18130): Creando TCB de prioridad: 0
[ERROR] 20:17:18:891 Kernel/(18125:18130): PID del HILO creado: 3
[ERROR] 20:17:18:892 Kernel/(18125:18130): ANTES DE HAY NEW EN LARGO PLAZO CREAR
[INFO] 20:17:18:892 Kernel/(18125:18132): ## (<3>:<0>) Se crea el Hilo - Estado: READY
[ERROR] 20:17:18:892 Kernel/(18125:18132): POSTEO READY
[ERROR] 20:17:18:892 Kernel/(18125:18134): MANDO RTA
[ERROR] 20:17:18:892 Kernel/(18125:18134): ANTES DE RECIBIR LA OPERACION
[ERROR] 20:17:18:896 Kernel/(18125:18134): OPERACION RECIBIDA
[TRACE] 20:17:18:896 Kernel/(18125:18134): PROCESS CREATE RECIBIDO
[ERROR] 20:17:18:896 Kernel/(18125:18134): AUTOINCREMENTAL PCB: 5
[TRACE] 20:17:18:896 Kernel/(18125:18134): PCB CREADO
[ERROR] 20:17:18:896 Kernel/(18125:18130): DSPS DE HAY NEW EN LARGO PLAZO CREAR
[INFO] 20:17:18:896 Kernel/(18125:18130): Solicitando memoria para el proceso: 4

[INFO] 20:17:18:896 Kernel/(18125:18130): Memoria reservada correctamente
[INFO] 20:17:18:896 Kernel/(18125:18130): ## (<PID>: 4) Se crea el proceso - Estado: NEW
[INFO] 20:17:18:897 Kernel/(18125:18130): Creando TCB de prioridad: 0
[ERROR] 20:17:18:897 Kernel/(18125:18130): PID del HILO creado: 4
[ERROR] 20:17:18:897 Kernel/(18125:18130): ANTES DE HAY NEW EN LARGO PLAZO CREAR
[INFO] 20:17:18:897 Kernel/(18125:18132): ## (<4>:<0>) Se crea el Hilo - Estado: READY
[ERROR] 20:17:18:897 Kernel/(18125:18132): POSTEO READY
[ERROR] 20:17:18:897 Kernel/(18125:18134): MANDO RTA
[ERROR] 20:17:18:897 Kernel/(18125:18134): ANTES DE RECIBIR LA OPERACION
[ERROR] 20:17:18:899 Kernel/(18125:18134): OPERACION RECIBIDA
[TRACE] 20:17:18:899 Kernel/(18125:18134): PROCESS CREATE RECIBIDO
[ERROR] 20:17:18:899 Kernel/(18125:18134): AUTOINCREMENTAL PCB: 6
[TRACE] 20:17:18:899 Kernel/(18125:18134): PCB CREADO
[ERROR] 20:17:18:899 Kernel/(18125:18130): DSPS DE HAY NEW EN LARGO PLAZO CREAR
[INFO] 20:17:18:899 Kernel/(18125:18130): Solicitando memoria para el proceso: 5

[WARNING] 20:17:18:899 Kernel/(18125:18130): No hay espacio en memoria
[TRACE] 20:17:18:899 Kernel/(18125:18130): ENCOLANDO PID: 5 A NEW PORQUE NO HAY MEMORIA
[ERROR] 20:17:18:899 Kernel/(18125:18130): ANTES DE HAY NEW EN LARGO PLAZO CREAR
[ERROR] 20:17:18:899 Kernel/(18125:18134): MANDO RTA
[ERROR] 20:17:18:899 Kernel/(18125:18134): ANTES DE RECIBIR LA OPERACION
[ERROR] 20:17:18:900 Kernel/(18125:18134): OPERACION RECIBIDA
[TRACE] 20:17:18:900 Kernel/(18125:18134): PROCESS CREATE RECIBIDO
[ERROR] 20:17:18:900 Kernel/(18125:18134): AUTOINCREMENTAL PCB: 7
[TRACE] 20:17:18:900 Kernel/(18125:18134): PCB CREADO
[ERROR] 20:17:18:900 Kernel/(18125:18130): DSPS DE HAY NEW EN LARGO PLAZO CREAR
[INFO] 20:17:18:900 Kernel/(18125:18130): Solicitando memoria para el proceso: 5

[WARNING] 20:17:18:900 Kernel/(18125:18130): No hay espacio en memoria
[TRACE] 20:17:18:900 Kernel/(18125:18130): ENCOLANDO PID: 5 A NEW PORQUE NO HAY MEMORIA
[ERROR] 20:17:18:901 Kernel/(18125:18130): ANTES DE HAY NEW EN LARGO PLAZO CREAR
[ERROR] 20:17:18:901 Kernel/(18125:18134): MANDO RTA
[ERROR] 20:17:18:901 Kernel/(18125:18134): ANTES DE RECIBIR LA OPERACION
[ERROR] 20:17:18:902 Kernel/(18125:18134): OPERACION RECIBIDA
[TRACE] 20:17:18:902 Kernel/(18125:18134): PROCESS CREATE RECIBIDO
[ERROR] 20:17:18:902 Kernel/(18125:18134): AUTOINCREMENTAL PCB: 8
[TRACE] 20:17:18:902 Kernel/(18125:18134): PCB CREADO
[ERROR] 20:17:18:902 Kernel/(18125:18130): DSPS DE HAY NEW EN LARGO PLAZO CREAR
[INFO] 20:17:18:902 Kernel/(18125:18130): Solicitando memoria para el proceso: 6

[WARNING] 20:17:18:902 Kernel/(18125:18130): No hay espacio en memoria
[TRACE] 20:17:18:902 Kernel/(18125:18130): ENCOLANDO PID: 6 A NEW PORQUE NO HAY MEMORIA
[ERROR] 20:17:18:902 Kernel/(18125:18130): ANTES DE HAY NEW EN LARGO PLAZO CREAR
[ERROR] 20:17:18:902 Kernel/(18125:18134): MANDO RTA
[ERROR] 20:17:18:902 Kernel/(18125:18134): ANTES DE RECIBIR LA OPERACION
[ERROR] 20:17:18:903 Kernel/(18125:18134): OPERACION RECIBIDA
[TRACE] 20:17:18:903 Kernel/(18125:18134): PROCESS CREATE RECIBIDO
[ERROR] 20:17:18:903 Kernel/(18125:18134): AUTOINCREMENTAL PCB: 9
[TRACE] 20:17:18:903 Kernel/(18125:18134): PCB CREADO
[ERROR] 20:17:18:903 Kernel/(18125:18130): DSPS DE HAY NEW EN LARGO PLAZO CREAR
[INFO] 20:17:18:903 Kernel/(18125:18130): Solicitando memoria para el proceso: 5

[WARNING] 20:17:18:903 Kernel/(18125:18130): No hay espacio en memoria
[TRACE] 20:17:18:903 Kernel/(18125:18130): ENCOLANDO PID: 5 A NEW PORQUE NO HAY MEMORIA
[ERROR] 20:17:18:903 Kernel/(18125:18130): ANTES DE HAY NEW EN LARGO PLAZO CREAR
[ERROR] 20:17:18:903 Kernel/(18125:18134): MANDO RTA
[ERROR] 20:17:18:903 Kernel/(18125:18134): ANTES DE RECIBIR LA OPERACION
[ERROR] 20:17:18:910 Kernel/(18125:18134): OPERACION RECIBIDA
[INFO] 20:17:18:910 Kernel/(18125:18134): ## (0:0) - Bloqueado por: <PTHREAD_JOIN / MUTEX / IO>
[TRACE] 20:17:18:910 Kernel/(18125:18134): TID: 0 PID 0 ENTRA A IO
[TRACE] 20:17:18:910 Kernel/(18125:18134): COLA NEW TID: 7; 
[TRACE] 20:17:18:910 Kernel/(18125:18134): COLA NEW TID: 6; 
[TRACE] 20:17:18:910 Kernel/(18125:18134): COLA NEW TID: 8; 
[TRACE] 20:17:18:910 Kernel/(18125:18134): COLA NEW TID: 5; 
[TRACE] 20:17:18:910 Kernel/(18125:18134): Cola prioridad: 0, Cola size: 4
[INFO] 20:17:18:910 Kernel/(18125:18135): entro a ejecucion_io
[TRACE] 20:17:18:910 Kernel/(18125:18135): Tiempo: 120000, TCB: 0
[TRACE] 20:17:18:910 Kernel/(18125:18134): TID: 0 PID 0 INICIO IO
[TRACE] 20:17:18:910 Kernel/(18125:18134): IO Iniciado
[ERROR] 20:17:18:910 Kernel/(18125:18134): ANTES DE RECIBIR LA OPERACION
[ERROR] 20:17:18:911 Kernel/(18125:18134): OPERACION RECIBIDA
[INFO] 20:17:18:911 Kernel/(18125:18134): ## (0:0) - Solicito syscall: SUSP_PROCESO
[ERROR] 20:17:18:911 Kernel/(18125:18134): ANTES DE READY
[ERROR] 20:17:18:911 Kernel/(18125:18134): DESPUES DE READY
[ERROR] 20:17:18:911 Kernel/(18125:18134): PUEDE EJECUTAR
[TRACE] 20:17:18:911 Kernel/(18125:18134): Cola prioridad: 0, Cola size: 4
[INFO] 20:17:18:911 Kernel/(18125:18134): Cola elegida:0
[TRACE] 20:17:18:911 Kernel/(18125:18134): COLA NEW TID: 0; 
[TRACE] 20:17:18:911 Kernel/(18125:18134): COLA NEW TID: 0; 
[TRACE] 20:17:18:911 Kernel/(18125:18134): COLA NEW TID: 0; 
[TRACE] 20:17:18:911 Kernel/(18125:18134): COLA NEW TID: 0; 
[WARNING] 20:17:18:911 Kernel/(18125:18134): TCB elegido <TID:0>,<PID:1>
[WARNING] 20:17:18:912 Kernel/(18125:18134): Planificando <TID:0>,<PID:1>, <ALGORITMO: MULTINIVEL>
[TRACE] 20:17:18:912 Kernel/(18125:18134): CPU ejecutando el hilo: 0 del proceso: 1

[WARNING] 20:17:18:912 Kernel/(18125:18134): Esperando Respuesta
[ERROR] 20:17:18:912 Kernel/(18125:18134): ANTES DE RECIBIR LA OPERACION
[ERROR] 20:17:18:922 Kernel/(18125:18137): empiezo hilo quantum de tid: 0 pid: 1
[ERROR] 20:17:18:953 Kernel/(18125:18134): OPERACION RECIBIDA
[INFO] 20:17:18:953 Kernel/(18125:18134): ## (1:0) - Bloqueado por: <PTHREAD_JOIN / MUTEX / IO>
[TRACE] 20:17:18:954 Kernel/(18125:18134): TID: 0 PID 1 ENTRA A IO
[TRACE] 20:17:18:954 Kernel/(18125:18134): COLA NEW TID: 7; 
[TRACE] 20:17:18:954 Kernel/(18125:18134): COLA NEW TID: 6; 
[TRACE] 20:17:18:955 Kernel/(18125:18134): COLA NEW TID: 8; 
[TRACE] 20:17:18:955 Kernel/(18125:18134): COLA NEW TID: 5; 
[TRACE] 20:17:18:955 Kernel/(18125:18134): Cola prioridad: 0, Cola size: 3
[TRACE] 20:17:18:955 Kernel/(18125:18134): TID: 0 PID 1 INICIO IO
[TRACE] 20:17:18:955 Kernel/(18125:18134): IO Iniciado
[ERROR] 20:17:18:955 Kernel/(18125:18134): ANTES DE RECIBIR LA OPERACION
[ERROR] 20:17:18:955 Kernel/(18125:18134): OPERACION RECIBIDA
[INFO] 20:17:18:955 Kernel/(18125:18134): ## (1:0) - Solicito syscall: SUSP_PROCESO
[ERROR] 20:17:18:955 Kernel/(18125:18134): ANTES DE READY
[ERROR] 20:17:18:955 Kernel/(18125:18134): DESPUES DE READY
[ERROR] 20:17:18:955 Kernel/(18125:18134): PUEDE EJECUTAR
[TRACE] 20:17:18:955 Kernel/(18125:18134): Cola prioridad: 0, Cola size: 3
[INFO] 20:17:18:955 Kernel/(18125:18134): Cola elegida:0
[TRACE] 20:17:18:955 Kernel/(18125:18134): COLA NEW TID: 0; 
[TRACE] 20:17:18:955 Kernel/(18125:18134): COLA NEW TID: 0; 
[TRACE] 20:17:18:955 Kernel/(18125:18134): COLA NEW TID: 0; 
[WARNING] 20:17:18:955 Kernel/(18125:18134): TCB elegido <TID:0>,<PID:2>
[WARNING] 20:17:18:956 Kernel/(18125:18134): Planificando <TID:0>,<PID:2>, <ALGORITMO: MULTINIVEL>
[ERROR] 20:17:18:968 Kernel/(18125:18138): empiezo hilo quantum de tid: 0 pid: 2
[TRACE] 20:17:19:000 Kernel/(18125:18134): CPU ejecutando el hilo: 0 del proceso: 2

[WARNING] 20:17:19:000 Kernel/(18125:18134): Esperando Respuesta
[ERROR] 20:17:19:000 Kernel/(18125:18134): ANTES DE RECIBIR LA OPERACION
[INFO] 20:17:19:031 Kernel/(18125:18135): ## (0:0) finalizó IO y pasa a READY
[INFO] 20:17:19:031 Kernel/(18125:18135): entro a ejecucion_io
[TRACE] 20:17:19:031 Kernel/(18125:18135): Tiempo: 120000, TCB: 0
[ERROR] 20:17:19:041 Kernel/(18125:18134): OPERACION RECIBIDA
[INFO] 20:17:19:041 Kernel/(18125:18134): ## (2:0) - Bloqueado por: <PTHREAD_JOIN / MUTEX / IO>
[TRACE] 20:17:19:041 Kernel/(18125:18134): TID: 0 PID 2 ENTRA A IO
[TRACE] 20:17:19:041 Kernel/(18125:18134): COLA NEW TID: 7; 
[TRACE] 20:17:19:041 Kernel/(18125:18134): COLA NEW TID: 6; 
[TRACE] 20:17:19:041 Kernel/(18125:18134): COLA NEW TID: 8; 
[TRACE] 20:17:19:041 Kernel/(18125:18134): COLA NEW TID: 5; 
[TRACE] 20:17:19:042 Kernel/(18125:18134): Cola prioridad: 0, Cola size: 3
[TRACE] 20:17:19:042 Kernel/(18125:18134): TID: 0 PID 2 INICIO IO
[TRACE] 20:17:19:042 Kernel/(18125:18134): IO Iniciado
[ERROR] 20:17:19:042 Kernel/(18125:18134): ANTES DE RECIBIR LA OPERACION
[ERROR] 20:17:19:043 Kernel/(18125:18134): OPERACION RECIBIDA
[INFO] 20:17:19:044 Kernel/(18125:18134): ## (2:0) - Solicito syscall: SUSP_PROCESO
[ERROR] 20:17:19:044 Kernel/(18125:18134): ANTES DE READY
[ERROR] 20:17:19:044 Kernel/(18125:18134): DESPUES DE READY
[ERROR] 20:17:19:044 Kernel/(18125:18134): PUEDE EJECUTAR
[TRACE] 20:17:19:044 Kernel/(18125:18134): Cola prioridad: 0, Cola size: 3
[INFO] 20:17:19:044 Kernel/(18125:18134): Cola elegida:0
[TRACE] 20:17:19:045 Kernel/(18125:18134): COLA NEW TID: 0; 
[TRACE] 20:17:19:045 Kernel/(18125:18134): COLA NEW TID: 0; 
[TRACE] 20:17:19:045 Kernel/(18125:18134): COLA NEW TID: 0; 
[WARNING] 20:17:19:045 Kernel/(18125:18134): TCB elegido <TID:0>,<PID:3>
[WARNING] 20:17:19:045 Kernel/(18125:18134): Planificando <TID:0>,<PID:3>, <ALGORITMO: MULTINIVEL>
[ERROR] 20:17:19:049 Kernel/(18125:18139): empiezo hilo quantum de tid: 0 pid: 3
[TRACE] 20:17:19:086 Kernel/(18125:18134): CPU ejecutando el hilo: 0 del proceso: 3

[WARNING] 20:17:19:086 Kernel/(18125:18134): Esperando Respuesta
[ERROR] 20:17:19:086 Kernel/(18125:18134): ANTES DE RECIBIR LA OPERACION
[ERROR] 20:17:19:129 Kernel/(18125:18134): OPERACION RECIBIDA
[INFO] 20:17:19:129 Kernel/(18125:18134): ## (3:0) - Bloqueado por: <PTHREAD_JOIN / MUTEX / IO>
[TRACE] 20:17:19:129 Kernel/(18125:18134): TID: 0 PID 3 ENTRA A IO
[TRACE] 20:17:19:129 Kernel/(18125:18134): COLA NEW TID: 7; 
[TRACE] 20:17:19:130 Kernel/(18125:18134): COLA NEW TID: 6; 
[TRACE] 20:17:19:130 Kernel/(18125:18134): COLA NEW TID: 8; 
[TRACE] 20:17:19:130 Kernel/(18125:18134): COLA NEW TID: 5; 
[TRACE] 20:17:19:130 Kernel/(18125:18134): Cola prioridad: 0, Cola size: 2
[TRACE] 20:17:19:130 Kernel/(18125:18134): TID: 0 PID 3 INICIO IO
[TRACE] 20:17:19:130 Kernel/(18125:18134): IO Iniciado
[ERROR] 20:17:19:130 Kernel/(18125:18134): ANTES DE RECIBIR LA OPERACION
[ERROR] 20:17:19:130 Kernel/(18125:18134): OPERACION RECIBIDA
[INFO] 20:17:19:130 Kernel/(18125:18134): ## (3:0) - Solicito syscall: SUSP_PROCESO
[ERROR] 20:17:19:130 Kernel/(18125:18134): ANTES DE READY
[ERROR] 20:17:19:130 Kernel/(18125:18134): DESPUES DE READY
[ERROR] 20:17:19:130 Kernel/(18125:18134): PUEDE EJECUTAR
[TRACE] 20:17:19:131 Kernel/(18125:18134): Cola prioridad: 0, Cola size: 2
[INFO] 20:17:19:131 Kernel/(18125:18134): Cola elegida:0
[TRACE] 20:17:19:131 Kernel/(18125:18134): COLA NEW TID: 0; 
[TRACE] 20:17:19:131 Kernel/(18125:18134): COLA NEW TID: 0; 
[WARNING] 20:17:19:131 Kernel/(18125:18134): TCB elegido <TID:0>,<PID:4>
[WARNING] 20:17:19:131 Kernel/(18125:18134): Planificando <TID:0>,<PID:4>, <ALGORITMO: MULTINIVEL>
[ERROR] 20:17:19:133 Kernel/(18125:18140): empiezo hilo quantum de tid: 0 pid: 4
[INFO] 20:17:19:152 Kernel/(18125:18135): ## (1:0) finalizó IO y pasa a READY
[INFO] 20:17:19:152 Kernel/(18125:18135): entro a ejecucion_io
[TRACE] 20:17:19:152 Kernel/(18125:18135): Tiempo: 120000, TCB: 0
[TRACE] 20:17:19:173 Kernel/(18125:18134): CPU ejecutando el hilo: 0 del proceso: 4

[WARNING] 20:17:19:174 Kernel/(18125:18134): Esperando Respuesta
[ERROR] 20:17:19:174 Kernel/(18125:18134): ANTES DE RECIBIR LA OPERACION
[ERROR] 20:17:19:217 Kernel/(18125:18134): OPERACION RECIBIDA
[INFO] 20:17:19:217 Kernel/(18125:18134): ## (4:0) - Bloqueado por: <PTHREAD_JOIN / MUTEX / IO>
[TRACE] 20:17:19:217 Kernel/(18125:18134): TID: 0 PID 4 ENTRA A IO
[TRACE] 20:17:19:217 Kernel/(18125:18134): COLA NEW TID: 7; 
[TRACE] 20:17:19:217 Kernel/(18125:18134): COLA NEW TID: 6; 
[TRACE] 20:17:19:217 Kernel/(18125:18134): COLA NEW TID: 8; 
[TRACE] 20:17:19:217 Kernel/(18125:18134): COLA NEW TID: 5; 
[TRACE] 20:17:19:217 Kernel/(18125:18134): Cola prioridad: 0, Cola size: 2
[TRACE] 20:17:19:217 Kernel/(18125:18134): TID: 0 PID 4 INICIO IO
[TRACE] 20:17:19:217 Kernel/(18125:18134): IO Iniciado
[ERROR] 20:17:19:218 Kernel/(18125:18134): ANTES DE RECIBIR LA OPERACION
[ERROR] 20:17:19:218 Kernel/(18125:18134): OPERACION RECIBIDA
[INFO] 20:17:19:218 Kernel/(18125:18134): ## (4:0) - Solicito syscall: SUSP_PROCESO
[ERROR] 20:17:19:218 Kernel/(18125:18134): ANTES DE READY
[ERROR] 20:17:19:218 Kernel/(18125:18134): DESPUES DE READY
[ERROR] 20:17:19:218 Kernel/(18125:18134): PUEDE EJECUTAR
[TRACE] 20:17:19:218 Kernel/(18125:18134): Cola prioridad: 0, Cola size: 2
[INFO] 20:17:19:218 Kernel/(18125:18134): Cola elegida:0
[TRACE] 20:17:19:219 Kernel/(18125:18134): COLA NEW TID: 0; 
[TRACE] 20:17:19:220 Kernel/(18125:18134): COLA NEW TID: 0; 
[WARNING] 20:17:19:220 Kernel/(18125:18134): TCB elegido <TID:0>,<PID:0>
[WARNING] 20:17:19:220 Kernel/(18125:18134): Planificando <TID:0>,<PID:0>, <ALGORITMO: MULTINIVEL>
[ERROR] 20:17:19:222 Kernel/(18125:18141): empiezo hilo quantum de tid: 0 pid: 0
[TRACE] 20:17:19:262 Kernel/(18125:18134): CPU ejecutando el hilo: 0 del proceso: 0

[WARNING] 20:17:19:262 Kernel/(18125:18134): Esperando Respuesta
[ERROR] 20:17:19:262 Kernel/(18125:18134): ANTES DE RECIBIR LA OPERACION
[INFO] 20:17:19:272 Kernel/(18125:18135): ## (2:0) finalizó IO y pasa a READY
[INFO] 20:17:19:272 Kernel/(18125:18135): entro a ejecucion_io
[TRACE] 20:17:19:272 Kernel/(18125:18135): Tiempo: 120000, TCB: 0
[ERROR] 20:17:19:305 Kernel/(18125:18134): OPERACION RECIBIDA
[TRACE] 20:17:19:305 Kernel/(18125:18134): ANTES DE SEM_SYS_FIN
[ERROR] 20:17:19:305 Kernel/(18125:18131): dsps DE FINALIZAR PROC
[INFO] 20:17:19:305 Kernel/(18125:18131): intentando finalizar proceso con pid: 0
[INFO] 20:17:19:306 Kernel/(18125:18131): ## Finaliza el proceso <0>
[TRACE] 20:17:19:306 Kernel/(18125:18131): Cola prioridad: 0, Cola size: 2
[TRACE] 20:17:19:306 Kernel/(18125:18131): Cola prioridad: 0, Cola size: 2
[TRACE] 20:17:19:306 Kernel/(18125:18131): COLA NEW PID: 7; 
[TRACE] 20:17:19:307 Kernel/(18125:18131): COLA NEW PID: 6; 
[TRACE] 20:17:19:307 Kernel/(18125:18131): COLA NEW PID: 8; 
[TRACE] 20:17:19:307 Kernel/(18125:18131): COLA NEW PID: 5; 
[ERROR] 20:17:19:307 Kernel/(18125:18131): ANTES DE FINALIZAR PROC
[ERROR] 20:17:19:307 Kernel/(18125:18130): DSPS DE HAY NEW EN LARGO PLAZO CREAR
[TRACE] 20:17:19:307 Kernel/(18125:18134): DSPS DE SEM_SYS_FIN
[TRACE] 20:17:19:307 Kernel/(18125:18134): MANDO RTA PROC EXIT
[ERROR] 20:17:19:307 Kernel/(18125:18134): ANTES DE RECIBIR LA OPERACION
[ERROR] 20:17:19:307 Kernel/(18125:18134): OPERACION RECIBIDA
[INFO] 20:17:19:307 Kernel/(18125:18134): ## (0:0) - Solicito syscall: SUSP_PROCESO
[ERROR] 20:17:19:307 Kernel/(18125:18134): ANTES DE READY
[ERROR] 20:17:19:307 Kernel/(18125:18134): DESPUES DE READY
[ERROR] 20:17:19:307 Kernel/(18125:18134): PUEDE EJECUTAR
[TRACE] 20:17:19:308 Kernel/(18125:18134): Cola prioridad: 0, Cola size: 2
[INFO] 20:17:19:308 Kernel/(18125:18134): Cola elegida:0
[TRACE] 20:17:19:308 Kernel/(18125:18134): COLA NEW TID: 0; 
[TRACE] 20:17:19:308 Kernel/(18125:18134): COLA NEW TID: 0; 
[WARNING] 20:17:19:308 Kernel/(18125:18134): TCB elegido <TID:0>,<PID:1>
[WARNING] 20:17:19:308 Kernel/(18125:18134): Planificando <TID:0>,<PID:1>, <ALGORITMO: MULTINIVEL>
[INFO] 20:17:19:308 Kernel/(18125:18130): Solicitando memoria para el proceso: 7

[INFO] 20:17:19:309 Kernel/(18125:18130): Memoria reservada correctamente
[INFO] 20:17:19:309 Kernel/(18125:18130): ## (<PID>: 7) Se crea el proceso - Estado: NEW
[INFO] 20:17:19:309 Kernel/(18125:18130): Creando TCB de prioridad: 0
[ERROR] 20:17:19:309 Kernel/(18125:18130): PID del HILO creado: 7
[ERROR] 20:17:19:309 Kernel/(18125:18130): ANTES DE HAY NEW EN LARGO PLAZO CREAR
[INFO] 20:17:19:309 Kernel/(18125:18132): ## (<7>:<0>) Se crea el Hilo - Estado: READY
[ERROR] 20:17:19:309 Kernel/(18125:18132): POSTEO READY
[TRACE] 20:17:19:311 Kernel/(18125:18134): CPU ejecutando el hilo: 0 del proceso: 1

[WARNING] 20:17:19:311 Kernel/(18125:18134): Esperando Respuesta
[ERROR] 20:17:19:311 Kernel/(18125:18134): ANTES DE RECIBIR LA OPERACION
[ERROR] 20:17:19:323 Kernel/(18125:18142): empiezo hilo quantum de tid: 0 pid: 1
[ERROR] 20:17:19:351 Kernel/(18125:18134): OPERACION RECIBIDA
[TRACE] 20:17:19:351 Kernel/(18125:18134): ANTES DE SEM_SYS_FIN
[ERROR] 20:17:19:351 Kernel/(18125:18131): dsps DE FINALIZAR PROC
[TRACE] 20:17:19:351 Kernel/(18125:18134): DSPS DE SEM_SYS_FIN
[TRACE] 20:17:19:352 Kernel/(18125:18134): MANDO RTA PROC EXIT
[ERROR] 20:17:19:352 Kernel/(18125:18134): ANTES DE RECIBIR LA OPERACION
[ERROR] 20:17:19:352 Kernel/(18125:18134): OPERACION RECIBIDA
[INFO] 20:17:19:352 Kernel/(18125:18134): ## (1:0) - Solicito syscall: SUSP_PROCESO
[ERROR] 20:17:19:352 Kernel/(18125:18134): ANTES DE READY
[ERROR] 20:17:19:352 Kernel/(18125:18134): DESPUES DE READY
[ERROR] 20:17:19:353 Kernel/(18125:18134): PUEDE EJECUTAR
[TRACE] 20:17:19:353 Kernel/(18125:18134): Cola prioridad: 0, Cola size: 2
[INFO] 20:17:19:353 Kernel/(18125:18134): Cola elegida:0
[TRACE] 20:17:19:354 Kernel/(18125:18134): COLA NEW TID: 0; 
[TRACE] 20:17:19:354 Kernel/(18125:18134): COLA NEW TID: 0; 
[WARNING] 20:17:19:356 Kernel/(18125:18134): TCB elegido <TID:0>,<PID:2>
[WARNING] 20:17:19:356 Kernel/(18125:18134): Planificando <TID:0>,<PID:2>, <ALGORITMO: MULTINIVEL>
[INFO] 20:17:19:356 Kernel/(18125:18131): intentando finalizar proceso con pid: 1
[INFO] 20:17:19:357 Kernel/(18125:18131): ## Finaliza el proceso <1>
[TRACE] 20:17:19:357 Kernel/(18125:18131): Cola prioridad: 0, Cola size: 1
[TRACE] 20:17:19:357 Kernel/(18125:18131): Cola prioridad: 0, Cola size: 1
[TRACE] 20:17:19:357 Kernel/(18125:18131): COLA NEW PID: 6; 
[TRACE] 20:17:19:357 Kernel/(18125:18131): COLA NEW PID: 8; 
[TRACE] 20:17:19:357 Kernel/(18125:18131): COLA NEW PID: 5; 
[ERROR] 20:17:19:357 Kernel/(18125:18131): ANTES DE FINALIZAR PROC
[ERROR] 20:17:19:357 Kernel/(18125:18130): DSPS DE HAY NEW EN LARGO PLAZO CREAR
[INFO] 20:17:19:357 Kernel/(18125:18130): Solicitando memoria para el proceso: 6

[INFO] 20:17:19:357 Kernel/(18125:18130): Memoria reservada correctamente
[INFO] 20:17:19:358 Kernel/(18125:18130): ## (<PID>: 6) Se crea el proceso - Estado: NEW
[INFO] 20:17:19:358 Kernel/(18125:18130): Creando TCB de prioridad: 0
[ERROR] 20:17:19:358 Kernel/(18125:18130): PID del HILO creado: 6
[ERROR] 20:17:19:358 Kernel/(18125:18130): ANTES DE HAY NEW EN LARGO PLAZO CREAR
[INFO] 20:17:19:358 Kernel/(18125:18132): ## (<6>:<0>) Se crea el Hilo - Estado: READY
[ERROR] 20:17:19:358 Kernel/(18125:18132): POSTEO READY
[TRACE] 20:17:19:359 Kernel/(18125:18134): CPU ejecutando el hilo: 0 del proceso: 2

[WARNING] 20:17:19:359 Kernel/(18125:18134): Esperando Respuesta
[ERROR] 20:17:19:360 Kernel/(18125:18134): ANTES DE RECIBIR LA OPERACION
[ERROR] 20:17:19:363 Kernel/(18125:18143): empiezo hilo quantum de tid: 0 pid: 2
[INFO] 20:17:19:393 Kernel/(18125:18135): ## (3:0) finalizó IO y pasa a READY
[INFO] 20:17:19:395 Kernel/(18125:18135): entro a ejecucion_io
[TRACE] 20:17:19:395 Kernel/(18125:18135): Tiempo: 120000, TCB: 0
[ERROR] 20:17:19:397 Kernel/(18125:18134): OPERACION RECIBIDA
[TRACE] 20:17:19:397 Kernel/(18125:18134): ANTES DE SEM_SYS_FIN
[ERROR] 20:17:19:397 Kernel/(18125:18131): dsps DE FINALIZAR PROC
[TRACE] 20:17:19:397 Kernel/(18125:18134): DSPS DE SEM_SYS_FIN
[TRACE] 20:17:19:397 Kernel/(18125:18134): MANDO RTA PROC EXIT
[ERROR] 20:17:19:397 Kernel/(18125:18134): ANTES DE RECIBIR LA OPERACION
[ERROR] 20:17:19:398 Kernel/(18125:18134): OPERACION RECIBIDA
[INFO] 20:17:19:398 Kernel/(18125:18134): ## (2:0) - Solicito syscall: SUSP_PROCESO
[ERROR] 20:17:19:398 Kernel/(18125:18134): ANTES DE READY
[ERROR] 20:17:19:398 Kernel/(18125:18134): DESPUES DE READY
[ERROR] 20:17:19:398 Kernel/(18125:18134): PUEDE EJECUTAR
[TRACE] 20:17:19:398 Kernel/(18125:18134): Cola prioridad: 0, Cola size: 3
[INFO] 20:17:19:398 Kernel/(18125:18134): Cola elegida:0
[TRACE] 20:17:19:398 Kernel/(18125:18134): COLA NEW TID: 0; 
[TRACE] 20:17:19:398 Kernel/(18125:18134): COLA NEW TID: 0; 
[TRACE] 20:17:19:399 Kernel/(18125:18134): COLA NEW TID: 0; 
[WARNING] 20:17:19:399 Kernel/(18125:18134): TCB elegido <TID:0>,<PID:7>
[WARNING] 20:17:19:399 Kernel/(18125:18134): Planificando <TID:0>,<PID:7>, <ALGORITMO: MULTINIVEL>
[INFO] 20:17:19:399 Kernel/(18125:18131): intentando finalizar proceso con pid: 2
[INFO] 20:17:19:400 Kernel/(18125:18131): ## Finaliza el proceso <2>
[TRACE] 20:17:19:400 Kernel/(18125:18131): Cola prioridad: 0, Cola size: 2
[TRACE] 20:17:19:400 Kernel/(18125:18131): Cola prioridad: 0, Cola size: 2
[TRACE] 20:17:19:400 Kernel/(18125:18131): COLA NEW PID: 8; 
[TRACE] 20:17:19:400 Kernel/(18125:18131): COLA NEW PID: 5; 
[ERROR] 20:17:19:400 Kernel/(18125:18131): ANTES DE FINALIZAR PROC
[ERROR] 20:17:19:400 Kernel/(18125:18130): DSPS DE HAY NEW EN LARGO PLAZO CREAR
[INFO] 20:17:19:400 Kernel/(18125:18130): Solicitando memoria para el proceso: 8

[INFO] 20:17:19:400 Kernel/(18125:18130): Memoria reservada correctamente
[INFO] 20:17:19:400 Kernel/(18125:18130): ## (<PID>: 8) Se crea el proceso - Estado: NEW
[INFO] 20:17:19:400 Kernel/(18125:18130): Creando TCB de prioridad: 0
[ERROR] 20:17:19:400 Kernel/(18125:18130): PID del HILO creado: 8
[ERROR] 20:17:19:400 Kernel/(18125:18130): ANTES DE HAY NEW EN LARGO PLAZO CREAR
[INFO] 20:17:19:400 Kernel/(18125:18132): ## (<8>:<0>) Se crea el Hilo - Estado: READY
[ERROR] 20:17:19:400 Kernel/(18125:18132): POSTEO READY
[TRACE] 20:17:19:403 Kernel/(18125:18134): CPU ejecutando el hilo: 0 del proceso: 7

[WARNING] 20:17:19:403 Kernel/(18125:18134): Esperando Respuesta
[ERROR] 20:17:19:404 Kernel/(18125:18134): ANTES DE RECIBIR LA OPERACION
[ERROR] 20:17:19:419 Kernel/(18125:18144): empiezo hilo quantum de tid: 0 pid: 7
[ERROR] 20:17:19:441 Kernel/(18125:18134): OPERACION RECIBIDA
[INFO] 20:17:19:441 Kernel/(18125:18134): ## (7:0) - Bloqueado por: <PTHREAD_JOIN / MUTEX / IO>
[TRACE] 20:17:19:441 Kernel/(18125:18134): TID: 0 PID 7 ENTRA A IO
[TRACE] 20:17:19:441 Kernel/(18125:18134): COLA NEW TID: 5; 
[TRACE] 20:17:19:441 Kernel/(18125:18134): Cola prioridad: 0, Cola size: 3
[TRACE] 20:17:19:441 Kernel/(18125:18134): TID: 0 PID 7 INICIO IO
[TRACE] 20:17:19:442 Kernel/(18125:18134): IO Iniciado
[ERROR] 20:17:19:442 Kernel/(18125:18134): ANTES DE RECIBIR LA OPERACION
[ERROR] 20:17:19:442 Kernel/(18125:18134): OPERACION RECIBIDA
[INFO] 20:17:19:442 Kernel/(18125:18134): ## (7:0) - Solicito syscall: SUSP_PROCESO
[ERROR] 20:17:19:442 Kernel/(18125:18134): ANTES DE READY
[ERROR] 20:17:19:442 Kernel/(18125:18134): DESPUES DE READY
[ERROR] 20:17:19:442 Kernel/(18125:18134): PUEDE EJECUTAR
[TRACE] 20:17:19:442 Kernel/(18125:18134): Cola prioridad: 0, Cola size: 3
[INFO] 20:17:19:442 Kernel/(18125:18134): Cola elegida:0
[TRACE] 20:17:19:442 Kernel/(18125:18134): COLA NEW TID: 0; 
[TRACE] 20:17:19:442 Kernel/(18125:18134): COLA NEW TID: 0; 
[TRACE] 20:17:19:442 Kernel/(18125:18134): COLA NEW TID: 0; 
[WARNING] 20:17:19:442 Kernel/(18125:18134): TCB elegido <TID:0>,<PID:6>
[WARNING] 20:17:19:442 Kernel/(18125:18134): Planificando <TID:0>,<PID:6>, <ALGORITMO: MULTINIVEL>
[ERROR] 20:17:19:448 Kernel/(18125:18145): empiezo hilo quantum de tid: 0 pid: 6
[TRACE] 20:17:19:485 Kernel/(18125:18134): CPU ejecutando el hilo: 0 del proceso: 6

[WARNING] 20:17:19:486 Kernel/(18125:18134): Esperando Respuesta
[ERROR] 20:17:19:486 Kernel/(18125:18134): ANTES DE RECIBIR LA OPERACION
[INFO] 20:17:19:515 Kernel/(18125:18135): ## (4:0) finalizó IO y pasa a READY
[INFO] 20:17:19:516 Kernel/(18125:18135): entro a ejecucion_io
[TRACE] 20:17:19:516 Kernel/(18125:18135): Tiempo: 120000, TCB: 0
[ERROR] 20:17:19:532 Kernel/(18125:18134): OPERACION RECIBIDA
[INFO] 20:17:19:532 Kernel/(18125:18134): ## (6:0) - Bloqueado por: <PTHREAD_JOIN / MUTEX / IO>
[TRACE] 20:17:19:532 Kernel/(18125:18134): TID: 0 PID 6 ENTRA A IO
[TRACE] 20:17:19:532 Kernel/(18125:18134): COLA NEW TID: 5; 
[TRACE] 20:17:19:533 Kernel/(18125:18134): Cola prioridad: 0, Cola size: 3
[TRACE] 20:17:19:533 Kernel/(18125:18134): TID: 0 PID 6 INICIO IO
[TRACE] 20:17:19:533 Kernel/(18125:18134): IO Iniciado
[ERROR] 20:17:19:533 Kernel/(18125:18134): ANTES DE RECIBIR LA OPERACION
[ERROR] 20:17:19:533 Kernel/(18125:18134): OPERACION RECIBIDA
[INFO] 20:17:19:533 Kernel/(18125:18134): ## (6:0) - Solicito syscall: SUSP_PROCESO
[ERROR] 20:17:19:533 Kernel/(18125:18134): ANTES DE READY
[ERROR] 20:17:19:533 Kernel/(18125:18134): DESPUES DE READY
[ERROR] 20:17:19:533 Kernel/(18125:18134): PUEDE EJECUTAR
[TRACE] 20:17:19:533 Kernel/(18125:18134): Cola prioridad: 0, Cola size: 3
[INFO] 20:17:19:533 Kernel/(18125:18134): Cola elegida:0
[TRACE] 20:17:19:533 Kernel/(18125:18134): COLA NEW TID: 0; 
[TRACE] 20:17:19:533 Kernel/(18125:18134): COLA NEW TID: 0; 
[TRACE] 20:17:19:533 Kernel/(18125:18134): COLA NEW TID: 0; 
[WARNING] 20:17:19:533 Kernel/(18125:18134): TCB elegido <TID:0>,<PID:3>
[WARNING] 20:17:19:536 Kernel/(18125:18134): Planificando <TID:0>,<PID:3>, <ALGORITMO: MULTINIVEL>
[ERROR] 20:17:19:541 Kernel/(18125:18146): empiezo hilo quantum de tid: 0 pid: 3
[TRACE] 20:17:19:575 Kernel/(18125:18134): CPU ejecutando el hilo: 0 del proceso: 3

[WARNING] 20:17:19:575 Kernel/(18125:18134): Esperando Respuesta
[ERROR] 20:17:19:575 Kernel/(18125:18134): ANTES DE RECIBIR LA OPERACION
[ERROR] 20:17:19:617 Kernel/(18125:18134): OPERACION RECIBIDA
[TRACE] 20:17:19:617 Kernel/(18125:18134): ANTES DE SEM_SYS_FIN
[ERROR] 20:17:19:617 Kernel/(18125:18131): dsps DE FINALIZAR PROC
[TRACE] 20:17:19:618 Kernel/(18125:18134): DSPS DE SEM_SYS_FIN
[TRACE] 20:17:19:618 Kernel/(18125:18134): MANDO RTA PROC EXIT
[ERROR] 20:17:19:618 Kernel/(18125:18134): ANTES DE RECIBIR LA OPERACION
[ERROR] 20:17:19:618 Kernel/(18125:18134): OPERACION RECIBIDA
[INFO] 20:17:19:618 Kernel/(18125:18134): ## (3:0) - Solicito syscall: SUSP_PROCESO
[ERROR] 20:17:19:618 Kernel/(18125:18134): ANTES DE READY
[ERROR] 20:17:19:618 Kernel/(18125:18134): DESPUES DE READY
[ERROR] 20:17:19:619 Kernel/(18125:18134): PUEDE EJECUTAR
[TRACE] 20:17:19:619 Kernel/(18125:18134): Cola prioridad: 0, Cola size: 2
[INFO] 20:17:19:619 Kernel/(18125:18134): Cola elegida:0
[TRACE] 20:17:19:619 Kernel/(18125:18134): COLA NEW TID: 0; 
[TRACE] 20:17:19:619 Kernel/(18125:18134): COLA NEW TID: 0; 
[WARNING] 20:17:19:619 Kernel/(18125:18134): TCB elegido <TID:0>,<PID:8>
[WARNING] 20:17:19:619 Kernel/(18125:18134): Planificando <TID:0>,<PID:8>, <ALGORITMO: MULTINIVEL>
[INFO] 20:17:19:620 Kernel/(18125:18131): intentando finalizar proceso con pid: 3
[INFO] 20:17:19:620 Kernel/(18125:18131): ## Finaliza el proceso <3>
[TRACE] 20:17:19:620 Kernel/(18125:18131): Cola prioridad: 0, Cola size: 1
[TRACE] 20:17:19:620 Kernel/(18125:18131): Cola prioridad: 0, Cola size: 1
[TRACE] 20:17:19:620 Kernel/(18125:18131): COLA NEW PID: 5; 
[ERROR] 20:17:19:620 Kernel/(18125:18131): ANTES DE FINALIZAR PROC
[TRACE] 20:17:19:622 Kernel/(18125:18134): CPU ejecutando el hilo: 0 del proceso: 8

[WARNING] 20:17:19:622 Kernel/(18125:18134): Esperando Respuesta
[ERROR] 20:17:19:622 Kernel/(18125:18134): ANTES DE RECIBIR LA OPERACION
[ERROR] 20:17:19:635 Kernel/(18125:18147): empiezo hilo quantum de tid: 0 pid: 8
[INFO] 20:17:19:638 Kernel/(18125:18135): ## (7:0) finalizó IO y pasa a READY
[INFO] 20:17:19:638 Kernel/(18125:18135): entro a ejecucion_io
[TRACE] 20:17:19:639 Kernel/(18125:18135): Tiempo: 120000, TCB: 0
[ERROR] 20:17:19:661 Kernel/(18125:18134): OPERACION RECIBIDA
[INFO] 20:17:19:661 Kernel/(18125:18134): ## (8:0) - Bloqueado por: <PTHREAD_JOIN / MUTEX / IO>
[TRACE] 20:17:19:661 Kernel/(18125:18134): TID: 0 PID 8 ENTRA A IO
[TRACE] 20:17:19:661 Kernel/(18125:18134): COLA NEW TID: 5; 
[TRACE] 20:17:19:661 Kernel/(18125:18134): Cola prioridad: 0, Cola size: 2
[TRACE] 20:17:19:661 Kernel/(18125:18134): TID: 0 PID 8 INICIO IO
[TRACE] 20:17:19:662 Kernel/(18125:18134): IO Iniciado
[ERROR] 20:17:19:662 Kernel/(18125:18134): ANTES DE RECIBIR LA OPERACION
[ERROR] 20:17:19:662 Kernel/(18125:18134): OPERACION RECIBIDA
[INFO] 20:17:19:662 Kernel/(18125:18134): ## (8:0) - Solicito syscall: SUSP_PROCESO
[ERROR] 20:17:19:662 Kernel/(18125:18134): ANTES DE READY
[ERROR] 20:17:19:664 Kernel/(18125:18134): DESPUES DE READY
[ERROR] 20:17:19:664 Kernel/(18125:18134): PUEDE EJECUTAR
[TRACE] 20:17:19:664 Kernel/(18125:18134): Cola prioridad: 0, Cola size: 2
[INFO] 20:17:19:664 Kernel/(18125:18134): Cola elegida:0
[TRACE] 20:17:19:665 Kernel/(18125:18134): COLA NEW TID: 0; 
[TRACE] 20:17:19:665 Kernel/(18125:18134): COLA NEW TID: 0; 
[WARNING] 20:17:19:665 Kernel/(18125:18134): TCB elegido <TID:0>,<PID:4>
[WARNING] 20:17:19:665 Kernel/(18125:18134): Planificando <TID:0>,<PID:4>, <ALGORITMO: MULTINIVEL>
[ERROR] 20:17:19:670 Kernel/(18125:18148): empiezo hilo quantum de tid: 0 pid: 4
[TRACE] 20:17:19:705 Kernel/(18125:18134): CPU ejecutando el hilo: 0 del proceso: 4

[WARNING] 20:17:19:705 Kernel/(18125:18134): Esperando Respuesta
[ERROR] 20:17:19:705 Kernel/(18125:18134): ANTES DE RECIBIR LA OPERACION
[ERROR] 20:17:19:749 Kernel/(18125:18134): OPERACION RECIBIDA
[TRACE] 20:17:19:749 Kernel/(18125:18134): ANTES DE SEM_SYS_FIN
[ERROR] 20:17:19:749 Kernel/(18125:18131): dsps DE FINALIZAR PROC
[TRACE] 20:17:19:749 Kernel/(18125:18134): DSPS DE SEM_SYS_FIN
[TRACE] 20:17:19:750 Kernel/(18125:18134): MANDO RTA PROC EXIT
[ERROR] 20:17:19:750 Kernel/(18125:18134): ANTES DE RECIBIR LA OPERACION
[ERROR] 20:17:19:750 Kernel/(18125:18134): OPERACION RECIBIDA
[INFO] 20:17:19:750 Kernel/(18125:18134): ## (4:0) - Solicito syscall: SUSP_PROCESO
[ERROR] 20:17:19:750 Kernel/(18125:18134): ANTES DE READY
[ERROR] 20:17:19:750 Kernel/(18125:18134): DESPUES DE READY
[ERROR] 20:17:19:750 Kernel/(18125:18134): PUEDE EJECUTAR
[TRACE] 20:17:19:750 Kernel/(18125:18134): Cola prioridad: 0, Cola size: 1
[INFO] 20:17:19:750 Kernel/(18125:18134): Cola elegida:0
[TRACE] 20:17:19:753 Kernel/(18125:18134): COLA NEW TID: 0; 
[WARNING] 20:17:19:753 Kernel/(18125:18134): TCB elegido <TID:0>,<PID:7>
[WARNING] 20:17:19:753 Kernel/(18125:18134): Planificando <TID:0>,<PID:7>, <ALGORITMO: MULTINIVEL>
[INFO] 20:17:19:754 Kernel/(18125:18131): intentando finalizar proceso con pid: 4
[INFO] 20:17:19:754 Kernel/(18125:18131): ## Finaliza el proceso <4>
[TRACE] 20:17:19:754 Kernel/(18125:18131): Cola prioridad: 0, Cola size: 0
[TRACE] 20:17:19:754 Kernel/(18125:18131): Cola prioridad: 0, Cola size: 0
[TRACE] 20:17:19:754 Kernel/(18125:18131): COLA NEW PID: 5; 
[ERROR] 20:17:19:754 Kernel/(18125:18131): ANTES DE FINALIZAR PROC
[TRACE] 20:17:19:757 Kernel/(18125:18134): CPU ejecutando el hilo: 0 del proceso: 7

[WARNING] 20:17:19:757 Kernel/(18125:18134): Esperando Respuesta
[ERROR] 20:17:19:757 Kernel/(18125:18134): ANTES DE RECIBIR LA OPERACION
[INFO] 20:17:19:759 Kernel/(18125:18135): ## (6:0) finalizó IO y pasa a READY
[INFO] 20:17:19:759 Kernel/(18125:18135): entro a ejecucion_io
[TRACE] 20:17:19:759 Kernel/(18125:18135): Tiempo: 120000, TCB: 0
[ERROR] 20:17:19:763 Kernel/(18125:18149): empiezo hilo quantum de tid: 0 pid: 7
[ERROR] 20:17:19:800 Kernel/(18125:18134): OPERACION RECIBIDA
[TRACE] 20:17:19:800 Kernel/(18125:18134): ANTES DE SEM_SYS_FIN
[ERROR] 20:17:19:800 Kernel/(18125:18131): dsps DE FINALIZAR PROC
[TRACE] 20:17:19:800 Kernel/(18125:18134): DSPS DE SEM_SYS_FIN
[TRACE] 20:17:19:800 Kernel/(18125:18134): MANDO RTA PROC EXIT
[ERROR] 20:17:19:800 Kernel/(18125:18134): ANTES DE RECIBIR LA OPERACION
[ERROR] 20:17:19:800 Kernel/(18125:18134): OPERACION RECIBIDA
[INFO] 20:17:19:801 Kernel/(18125:18134): ## (7:0) - Solicito syscall: SUSP_PROCESO
[ERROR] 20:17:19:801 Kernel/(18125:18134): ANTES DE READY
[ERROR] 20:17:19:801 Kernel/(18125:18134): DESPUES DE READY
[ERROR] 20:17:19:801 Kernel/(18125:18134): PUEDE EJECUTAR
[TRACE] 20:17:19:801 Kernel/(18125:18134): Cola prioridad: 0, Cola size: 1
[INFO] 20:17:19:801 Kernel/(18125:18134): Cola elegida:0
[TRACE] 20:17:19:801 Kernel/(18125:18134): COLA NEW TID: 0; 
[WARNING] 20:17:19:801 Kernel/(18125:18134): TCB elegido <TID:0>,<PID:6>
[WARNING] 20:17:19:801 Kernel/(18125:18134): Planificando <TID:0>,<PID:6>, <ALGORITMO: MULTINIVEL>
[INFO] 20:17:19:802 Kernel/(18125:18131): intentando finalizar proceso con pid: 7
[INFO] 20:17:19:802 Kernel/(18125:18131): ## Finaliza el proceso <7>
[TRACE] 20:17:19:802 Kernel/(18125:18131): Cola prioridad: 0, Cola size: 0
[TRACE] 20:17:19:802 Kernel/(18125:18131): Cola prioridad: 0, Cola size: 0
[TRACE] 20:17:19:802 Kernel/(18125:18131): COLA NEW PID: 5; 
[ERROR] 20:17:19:802 Kernel/(18125:18131): ANTES DE FINALIZAR PROC
[TRACE] 20:17:19:803 Kernel/(18125:18134): CPU ejecutando el hilo: 0 del proceso: 6

[WARNING] 20:17:19:803 Kernel/(18125:18134): Esperando Respuesta
[ERROR] 20:17:19:803 Kernel/(18125:18134): ANTES DE RECIBIR LA OPERACION
[ERROR] 20:17:19:805 Kernel/(18125:18150): empiezo hilo quantum de tid: 0 pid: 6
[ERROR] 20:17:19:846 Kernel/(18125:18134): OPERACION RECIBIDA
[TRACE] 20:17:19:846 Kernel/(18125:18134): ANTES DE SEM_SYS_FIN
[ERROR] 20:17:19:846 Kernel/(18125:18131): dsps DE FINALIZAR PROC
[TRACE] 20:17:19:846 Kernel/(18125:18134): DSPS DE SEM_SYS_FIN
[TRACE] 20:17:19:846 Kernel/(18125:18134): MANDO RTA PROC EXIT
[ERROR] 20:17:19:846 Kernel/(18125:18134): ANTES DE RECIBIR LA OPERACION
[ERROR] 20:17:19:846 Kernel/(18125:18134): OPERACION RECIBIDA
[INFO] 20:17:19:846 Kernel/(18125:18134): ## (6:0) - Solicito syscall: SUSP_PROCESO
[ERROR] 20:17:19:846 Kernel/(18125:18134): ANTES DE READY
[INFO] 20:17:19:846 Kernel/(18125:18131): intentando finalizar proceso con pid: 6
[INFO] 20:17:19:847 Kernel/(18125:18131): ## Finaliza el proceso <6>
[TRACE] 20:17:19:847 Kernel/(18125:18131): Cola prioridad: 0, Cola size: 0
[TRACE] 20:17:19:847 Kernel/(18125:18131): Cola prioridad: 0, Cola size: 0
[TRACE] 20:17:19:847 Kernel/(18125:18131): COLA NEW PID: 5; 
[ERROR] 20:17:19:847 Kernel/(18125:18131): ANTES DE FINALIZAR PROC
[INFO] 20:17:19:879 Kernel/(18125:18135): ## (8:0) finalizó IO y pasa a READY
[ERROR] 20:17:19:880 Kernel/(18125:18134): DESPUES DE READY
[ERROR] 20:17:19:880 Kernel/(18125:18134): PUEDE EJECUTAR
[TRACE] 20:17:19:880 Kernel/(18125:18134): Cola prioridad: 0, Cola size: 1
[INFO] 20:17:19:880 Kernel/(18125:18134): Cola elegida:0
[TRACE] 20:17:19:880 Kernel/(18125:18134): COLA NEW TID: 0; 
[WARNING] 20:17:19:880 Kernel/(18125:18134): TCB elegido <TID:0>,<PID:8>
[WARNING] 20:17:19:880 Kernel/(18125:18134): Planificando <TID:0>,<PID:8>, <ALGORITMO: MULTINIVEL>
[TRACE] 20:17:19:881 Kernel/(18125:18134): CPU ejecutando el hilo: 0 del proceso: 8

[WARNING] 20:17:19:881 Kernel/(18125:18134): Esperando Respuesta
[ERROR] 20:17:19:881 Kernel/(18125:18134): ANTES DE RECIBIR LA OPERACION
[ERROR] 20:17:19:893 Kernel/(18125:18151): empiezo hilo quantum de tid: 0 pid: 8
[ERROR] 20:17:19:921 Kernel/(18125:18134): OPERACION RECIBIDA
[TRACE] 20:17:19:921 Kernel/(18125:18134): ANTES DE SEM_SYS_FIN
[ERROR] 20:17:19:921 Kernel/(18125:18131): dsps DE FINALIZAR PROC
[TRACE] 20:17:19:921 Kernel/(18125:18134): DSPS DE SEM_SYS_FIN
[TRACE] 20:17:19:921 Kernel/(18125:18134): MANDO RTA PROC EXIT
[ERROR] 20:17:19:921 Kernel/(18125:18134): ANTES DE RECIBIR LA OPERACION
[ERROR] 20:17:19:922 Kernel/(18125:18134): OPERACION RECIBIDA
[INFO] 20:17:19:922 Kernel/(18125:18134): ## (8:0) - Solicito syscall: SUSP_PROCESO
[ERROR] 20:17:19:922 Kernel/(18125:18134): ANTES DE READY
[INFO] 20:17:19:922 Kernel/(18125:18131): intentando finalizar proceso con pid: 8
[INFO] 20:17:19:922 Kernel/(18125:18131): ## Finaliza el proceso <8>
[TRACE] 20:17:19:922 Kernel/(18125:18131): Cola prioridad: 0, Cola size: 0
[TRACE] 20:17:19:922 Kernel/(18125:18131): Cola prioridad: 0, Cola size: 0
[TRACE] 20:17:19:922 Kernel/(18125:18131): COLA NEW PID: 5; 
[ERROR] 20:17:19:922 Kernel/(18125:18131): ANTES DE FINALIZAR PROC
